#
# There is insufficient memory for the Java Runtime Environment to continue.
# Native memory allocation (mmap) failed to map 469762048 bytes for G1 virtual space
# Possible reasons:
#   The system is out of physical RAM or swap space
#   The process is running with CompressedOops enabled, and the Java Heap may be blocking the growth of the native heap
# Possible solutions:
#   Reduce memory load on the system
#   Increase physical memory or swap space
#   Check if swap backing store is full
#   Decrease Java heap size (-Xmx/-Xms)
#   Decrease number of Java threads
#   Decrease Java thread stack sizes (-Xss)
#   Set larger code cache with -XX:ReservedCodeCacheSize=
#   JVM is running with Zero Based Compressed Oops mode in which the Java heap is
#     placed in the first 32GB address space. The Java Heap base address is the
#     maximum limit for the native heap growth. Please use -XX:HeapBaseMinAddress
#     to set the Java Heap base and to place the Java Heap above 32GB virtual address.
# This output file may be truncated or incomplete.
#
#  Out of Memory Error (os_windows.cpp:3541), pid=14540, tid=3264
#
# JRE version:  (17.0.4.1+1) (build )
# Java VM: OpenJDK 64-Bit Server VM (17.0.4.1+1, mixed mode, sharing, tiered, compressed oops, compressed class ptrs, g1 gc, windows-amd64)
# No core dump will be written. Minidumps are not enabled by default on client versions of Windows
#

---------------  S U M M A R Y ------------

Command Line: -Dfile.encoding=UTF-8 -XX:+ShowCodeDetailsInExceptionMessages groupwork.test

Host: AMD Ryzen 7 5800H with Radeon Graphics         , 16 cores, 27G,  Windows 11 , 64 bit Build 22000 (10.0.22000.1516)
Time: Mon Mar 13 10:24:45 2023 GMT dows 11 , 64 bit Build 22000 (10.0.22000.1516) elapsed time: 0.005368 seconds (0d 0h 0m 0s)

---------------  T H R E A D  ---------------

Current thread (0x000001de104b3c40):  JavaThread "Unknown thread" [_thread_in_vm, id=3264, stack(0x0000007d14300000,0x0000007d14400000)]

Stack: [0x0000007d14300000,0x0000007d14400000]
Native frames: (J=compiled Java code, j=interpreted, Vv=VM code, C=native code)
V  [jvm.dll+0x67731a]
V  [jvm.dll+0x832284]
V  [jvm.dll+0x833a2e]
V  [jvm.dll+0x834093]
V  [jvm.dll+0x245775]
V  [jvm.dll+0x674209]
V  [jvm.dll+0x668a92]
V  [jvm.dll+0x30471b]
V  [jvm.dll+0x30bc66]
V  [jvm.dll+0x35ba9e]
V  [jvm.dll+0x35bccf]
V  [jvm.dll+0x2db5b8]
V  [jvm.dll+0x2dc524]
V  [jvm.dll+0x803db1]
V  [jvm.dll+0x3698f1]
V  [jvm.dll+0x7e31bc]
V  [jvm.dll+0x3ec25f]
V  [jvm.dll+0x3edde1]
C  [jli.dll+0x5277]
C  [ucrtbase.dll+0x26c0c]
C  [KERNEL32.DLL+0x155a0]
C  [ntdll.dll+0x485b]


---------------  P R O C E S S  ---------------

Threads class SMR info:
_java_thread_list=0x00007ffdc08b4e98, length=0, elements={
}

Java Threads: ( => current thread )

Other Threads:
  0x000001de1054c670 GCTaskThread "GC Thread#0" [stack: 0x0000007d14400000,0x0000007d14500000] [id=48192]
  0x000001de1055bdb0 ConcurrentGCThread "G1 Main Marker" [stack: 0x0000007d14500000,0x0000007d14600000] [id=46552]
  0x000001de1055c7c0 ConcurrentGCThread "G1 Conc#0" [stack: 0x0000007d14600000,0x0000007d14700000] [id=23392]

[error occurred during error reporting (printing all threads), id 0xc0000005, EXCEPTION_ACCESS_VIOLATION (0xc0000005) at pc=0x00007ffdc008c047]

VM state: not at safepoint (not fully initialized)

VM Mutex/Monitor currently owned by a thread:  ([mutex/lock_event])
[0x000001de104b12b0] Heap_lock - owner thread: 0x000001de104b3c40

Heap address: 0x0000000642000000, size: 7136 MB, Compressed Oops mode: Zero based, Oop shift amount: 3

CDS archive(s) mapped at: [0x0000000000000000-0x0000000000000000-0x0000000000000000), size 0, SharedBaseAddress: 0x0000000800000000, ArchiveRelocationMode: 0.
Narrow klass base: 0x0000000000000000, Narrow klass shift: 0, Narrow klass range: 0x0

GC Precious Log:
<Empty>

Heap:
 garbage-first heap   total 0K, used 0K [0x0000000642000000, 0x0000000800000000)
  region size 4096K, 0 young (0K), 0 survivors (0K)

[error occurred during error reporting (printing heap information), id 0xc0000005, EXCEPTION_ACCESS_VIOLATION (0xc0000005) at pc=0x00007ffdc0470699]

GC Heap History (0 events):
No events

Deoptimization events (0 events):
No events

Classes unloaded (0 events):
No events

Classes redefined (0 events):
No events

Internal exceptions (0 events):
No events

VM Operations (0 events):
No events

Events (1 events):
Event: 0.003 Loaded shared library D:\ProgramSoftware\Eclipse\eclipse\plugins\org.eclipse.justj.openjdk.hotspot.jre.full.win32.x86_64_17.0.4.v20220903-1038\jre\bin\java.dll


Dynamic libraries:
0x00007ff64c450000 - 0x00007ff64c45e000 	D:\ProgramSoftware\Eclipse\eclipse\plugins\org.eclipse.justj.openjdk.hotspot.jre.full.win32.x86_64_17.0.4.v20220903-1038\jre\bin\javaw.exe
0x00007ffe05120000 - 0x00007ffe05329000 	C:\Windows\SYSTEM32\ntdll.dll
0x00007ffe04410000 - 0x00007ffe044ce000 	C:\Windows\System32\KERNEL32.DLL
0x00007ffe02690000 - 0x00007ffe02a0c000 	C:\Windows\System32\KERNELBASE.dll
0x00007ffe02c50000 - 0x00007ffe02d61000 	C:\Windows\System32\ucrtbase.dll
0x00007ffdee240000 - 0x00007ffdee258000 	D:\ProgramSoftware\Eclipse\eclipse\plugins\org.eclipse.justj.openjdk.hotspot.jre.full.win32.x86_64_17.0.4.v20220903-1038\jre\bin\jli.dll
0x00007ffdedeb0000 - 0x00007ffdedec9000 	D:\ProgramSoftware\Eclipse\eclipse\plugins\org.eclipse.justj.openjdk.hotspot.jre.full.win32.x86_64_17.0.4.v20220903-1038\jre\bin\VCRUNTIME140.dll
0x00007ffe04260000 - 0x00007ffe0440d000 	C:\Windows\System32\USER32.dll
0x00007ffdeb960000 - 0x00007ffdebc05000 	C:\Windows\WinSxS\amd64_microsoft.windows.common-controls_6595b64144ccf1df_6.0.22000.120_none_9d947278b86cc467\COMCTL32.dll
0x00007ffe02660000 - 0x00007ffe02686000 	C:\Windows\System32\win32u.dll
0x00007ffe044e0000 - 0x00007ffe04583000 	C:\Windows\System32\msvcrt.dll
0x00007ffe050b0000 - 0x00007ffe050d9000 	C:\Windows\System32\GDI32.dll
0x00007ffe02a10000 - 0x00007ffe02b28000 	C:\Windows\System32\gdi32full.dll
0x00007ffe02bb0000 - 0x00007ffe02c4d000 	C:\Windows\System32\msvcp_win.dll
0x00007ffe03d80000 - 0x00007ffe03db2000 	C:\Windows\System32\IMM32.DLL
0x00007ffdffb50000 - 0x00007ffdffb5c000 	D:\ProgramSoftware\Eclipse\eclipse\plugins\org.eclipse.justj.openjdk.hotspot.jre.full.win32.x86_64_17.0.4.v20220903-1038\jre\bin\vcruntime140_1.dll
0x00007ffde1700000 - 0x00007ffde1791000 	D:\ProgramSoftware\Eclipse\eclipse\plugins\org.eclipse.justj.openjdk.hotspot.jre.full.win32.x86_64_17.0.4.v20220903-1038\jre\bin\msvcp140.dll
0x00007ffdbfda0000 - 0x00007ffdc09e6000 	D:\ProgramSoftware\Eclipse\eclipse\plugins\org.eclipse.justj.openjdk.hotspot.jre.full.win32.x86_64_17.0.4.v20220903-1038\jre\bin\server\jvm.dll
0x00007ffe04d80000 - 0x00007ffe04e2e000 	C:\Windows\System32\ADVAPI32.dll
0x00007ffe03980000 - 0x00007ffe03a1e000 	C:\Windows\System32\sechost.dll
0x00007ffe04140000 - 0x00007ffe04260000 	C:\Windows\System32\RPCRT4.dll
0x00007ffe044d0000 - 0x00007ffe044d8000 	C:\Windows\System32\PSAPI.DLL
0x00007ffded2d0000 - 0x00007ffded2d9000 	C:\Windows\SYSTEM32\WSOCK32.dll
0x00007ffdfa050000 - 0x00007ffdfa083000 	C:\Windows\SYSTEM32\WINMM.dll
0x00007ffdf91b0000 - 0x00007ffdf91ba000 	C:\Windows\SYSTEM32\VERSION.dll
0x00007ffe04f40000 - 0x00007ffe04faf000 	C:\Windows\System32\WS2_32.dll
0x00007ffe01670000 - 0x00007ffe01688000 	C:\Windows\SYSTEM32\kernel.appcore.dll
0x00007ffdffbb0000 - 0x00007ffdffbba000 	D:\ProgramSoftware\Eclipse\eclipse\plugins\org.eclipse.justj.openjdk.hotspot.jre.full.win32.x86_64_17.0.4.v20220903-1038\jre\bin\jimage.dll
0x00007ffdff4c0000 - 0x00007ffdff6e1000 	C:\Windows\SYSTEM32\DBGHELP.DLL
0x00007ffdf0490000 - 0x00007ffdf04c1000 	C:\Windows\SYSTEM32\dbgcore.DLL
0x00007ffe02b30000 - 0x00007ffe02baf000 	C:\Windows\System32\bcryptPrimitives.dll
0x00007ffdff8e0000 - 0x00007ffdff905000 	D:\ProgramSoftware\Eclipse\eclipse\plugins\org.eclipse.justj.openjdk.hotspot.jre.full.win32.x86_64_17.0.4.v20220903-1038\jre\bin\java.dll

dbghelp: loaded successfully - version: 4.0.5 - missing functions: none
symbol engine: initialized successfully - sym options: 0x614 - pdb path: .;D:\ProgramSoftware\Eclipse\eclipse\plugins\org.eclipse.justj.openjdk.hotspot.jre.full.win32.x86_64_17.0.4.v20220903-1038\jre\bin;C:\Windows\SYSTEM32;C:\Windows\WinSxS\amd64_microsoft.windows.common-controls_6595b64144ccf1df_6.0.22000.120_none_9d947278b86cc467;D:\ProgramSoftware\Eclipse\eclipse\plugins\org.eclipse.justj.openjdk.hotspot.jre.full.win32.x86_64_17.0.4.v20220903-1038\jre\bin\server

VM Arguments:
jvm_args: -Dfile.encoding=UTF-8 -XX:+ShowCodeDetailsInExceptionMessages 
java_command: groupwork.test
java_class_path (initial): D:\Myprogram\AdProg\SE\SE\bin
Launcher Type: SUN_STANDARD

[Global flags]
     intx CICompilerCount                          = 12                                        {product} {ergonomic}
     uint ConcGCThreads                            = 3                                         {product} {ergonomic}
     uint G1ConcRefinementThreads                  = 13                                        {product} {ergonomic}
   size_t G1HeapRegionSize                         = 4194304                                   {product} {ergonomic}
    uintx GCDrainStackTargetSize                   = 64                                        {product} {ergonomic}
   size_t InitialHeapSize                          = 469762048                                 {product} {ergonomic}
   size_t MarkStackSize                            = 4194304                                   {product} {ergonomic}
   size_t MaxHeapSize                              = 7482638336                                {product} {ergonomic}
   size_t MinHeapDeltaBytes                        = 4194304                                   {product} {ergonomic}
   size_t MinHeapSize                              = 8388608                                   {product} {ergonomic}
    uintx NonNMethodCodeHeapSize                   = 7602480                                {pd product} {ergonomic}
    uintx NonProfiledCodeHeapSize                  = 122027880                              {pd product} {ergonomic}
    uintx ProfiledCodeHeapSize                     = 122027880                              {pd product} {ergonomic}
    uintx ReservedCodeCacheSize                    = 251658240                              {pd product} {ergonomic}
     bool SegmentedCodeCache                       = true                                      {product} {ergonomic}
     bool ShowCodeDetailsInExceptionMessages       = true                                   {manageable} {command line}
   size_t SoftMaxHeapSize                          = 7482638336                             {manageable} {ergonomic}
     bool UseCompressedClassPointers               = true                           {product lp64_product} {ergonomic}
     bool UseCompressedOops                        = true                           {product lp64_product} {ergonomic}
     bool UseG1GC                                  = true                                      {product} {ergonomic}
     bool UseLargePagesIndividualAllocation        = false                                  {pd product} {ergonomic}

Logging:
Log output configuration:
 #0: stdout all=warning uptime,level,tags
 #1: stderr all=off uptime,level,tags

Environment Variables:
JAVA_HOME=C:\Program Files\Java\jdk1.8.0_333
CLASSPATH=.;C:\Program Files\Java\jdk1.8.0_333\lib\dt.jar;C:\Program Files\Java\jdk1.8.0_333\lib\tools.jar;
PATH=D:/ProgramSoftware/Eclipse/eclipse//plugins/org.eclipse.justj.openjdk.hotspot.jre.full.win32.x86_64_17.0.4.v20220903-1038/jre/bin/server;D:/ProgramSoftware/Eclipse/eclipse//plugins/org.eclipse.justj.openjdk.hotspot.jre.full.win32.x86_64_17.0.4.v20220903-1038/jre/bin;C:\Program Files (x86)\Common Files\Oracle\Java\javapath;C:\Windows\system32;C:\Windows;C:\Windows\System32\Wbem;C:\Windows\System32\WindowsPowerShell\v1.0\;C:\Windows\System32\OpenSSH\;C:\Program Files\Java\jdk1.8.0_333\bin;C:\Program Files\Java\jdk1.8.0_333\jre\bin;D:\ProgramSoftware\git\Git\cmd;D:\ProgramSoftware\Anaconda3\Scripts;D:\DataSpace\mysql\bin;C:\Program Files\Git\cmd;D:\ProgramSoftware\python3.11\Scripts\;D:\ProgramSoftware\python3.11\;C:\Users\张齿\AppData\Local\Microsoft\WindowsApps;D:\ProgramSoftware\Microsoft VS Code\bin;D:\ProgramSoftware\flutter\flutter\bin;C:\Users\张齿\AppData\Local\gitkraken\bin;D:\ProgramSoftware\Eclipse\eclipse;
USERNAME=张齿
OS=Windows_NT
PROCESSOR_IDENTIFIER=AMD64 Family 25 Model 80 Stepping 0, AuthenticAMD
TMP=C:\Users\张齿\AppData\Local\Temp
TEMP=C:\Users\张齿\AppData\Local\Temp



---------------  S Y S T E M  ---------------

OS:
 Windows 11 , 64 bit Build 22000 (10.0.22000.1516)
OS uptime: 4 days 13:37 hours

CPU: total 16 (initial active 16) (16 cores per cpu, 2 threads per core) family 25 model 80 stepping 0 microcode 0x0, cx8, cmov, fxsr, ht, mmx, 3dnowpref, sse, sse2, sse3, ssse3, sse4a, sse4.1, sse4.2, popcnt, lzcnt, tsc, tscinvbit, avx, avx2, aes, erms, clmul, bmi1, bmi2, adx, sha, fma, vzeroupper, clflush, clflushopt

Memory: 4k page, system-wide physical 28534M (8850M free)
TotalPageFile size 54134M (AvailPageFile size 434M)
current process WorkingSet (physical memory assigned to process): 10M, peak: 10M
current process commit charge ("private bytes"): 70M, peak: 518M

vm_info: OpenJDK 64-Bit Server VM (17.0.4.1+1) for windows-amd64 JRE (17.0.4.1+1), built on Aug 17 2022 07:42:43 by "temurin" with MS VC++ 16.7 (VS2019)

END.
